<?xml version="1.0" encoding="UTF-8"?>
<testsuite name="com.tts.Twitter.OleTwitterApplicationTests" tests="1" skipped="0" failures="0" errors="0" timestamp="2024-02-06T23:32:29" hostname="Ayans-Air.lan" time="0.546">
  <properties/>
  <testcase name="contextLoads()" classname="com.tts.Twitter.OleTwitterApplicationTests" time="0.546"/>
  <system-out><![CDATA[18:32:18.096 [Test worker] DEBUG org.springframework.test.context.BootstrapUtils - Instantiating CacheAwareContextLoaderDelegate from class [org.springframework.test.context.cache.DefaultCacheAwareContextLoaderDelegate]
18:32:18.188 [Test worker] DEBUG org.springframework.test.context.BootstrapUtils - Instantiating BootstrapContext using constructor [public org.springframework.test.context.support.DefaultBootstrapContext(java.lang.Class,org.springframework.test.context.CacheAwareContextLoaderDelegate)]
18:32:18.296 [Test worker] DEBUG org.springframework.test.context.BootstrapUtils - Instantiating TestContextBootstrapper for test class [com.tts.Twitter.OleTwitterApplicationTests] from class [org.springframework.boot.test.context.SpringBootTestContextBootstrapper]
18:32:18.327 [Test worker] INFO org.springframework.boot.test.context.SpringBootTestContextBootstrapper - Neither @ContextConfiguration nor @ContextHierarchy found for test class [com.tts.Twitter.OleTwitterApplicationTests], using SpringBootContextLoader
18:32:18.339 [Test worker] DEBUG org.springframework.test.context.support.AbstractContextLoader - Did not detect default resource location for test class [com.tts.Twitter.OleTwitterApplicationTests]: class path resource [com/tts/Twitter/OleTwitterApplicationTests-context.xml] does not exist
18:32:18.341 [Test worker] DEBUG org.springframework.test.context.support.AbstractContextLoader - Did not detect default resource location for test class [com.tts.Twitter.OleTwitterApplicationTests]: class path resource [com/tts/Twitter/OleTwitterApplicationTestsContext.groovy] does not exist
18:32:18.342 [Test worker] INFO org.springframework.test.context.support.AbstractContextLoader - Could not detect default resource locations for test class [com.tts.Twitter.OleTwitterApplicationTests]: no resource found for suffixes {-context.xml, Context.groovy}.
18:32:18.345 [Test worker] INFO org.springframework.test.context.support.AnnotationConfigContextLoaderUtils - Could not detect default configuration classes for test class [com.tts.Twitter.OleTwitterApplicationTests]: OleTwitterApplicationTests does not declare any static, non-private, non-final, nested classes annotated with @Configuration.
18:32:18.463 [Test worker] DEBUG org.springframework.test.context.support.ActiveProfilesUtils - Could not find an 'annotation declaring class' for annotation type [org.springframework.test.context.ActiveProfiles] and class [com.tts.Twitter.OleTwitterApplicationTests]
18:32:18.634 [Test worker] DEBUG org.springframework.context.annotation.ClassPathScanningCandidateComponentProvider - Identified candidate component class: file [/Users/ayanali/Desktop/Github/Ole-Twitter/build/classes/java/main/com/tts/Twitter/OleTwitterApplication.class]
18:32:18.637 [Test worker] INFO org.springframework.boot.test.context.SpringBootTestContextBootstrapper - Found @SpringBootConfiguration com.tts.Twitter.OleTwitterApplication for test class com.tts.Twitter.OleTwitterApplicationTests
18:32:18.893 [Test worker] DEBUG org.springframework.boot.test.context.SpringBootTestContextBootstrapper - @TestExecutionListeners is not present for class [com.tts.Twitter.OleTwitterApplicationTests]: using defaults.
18:32:18.895 [Test worker] INFO org.springframework.boot.test.context.SpringBootTestContextBootstrapper - Loaded default TestExecutionListener class names from location [META-INF/spring.factories]: [org.springframework.security.test.context.support.WithSecurityContextTestExecutionListener, org.springframework.security.test.context.support.ReactorContextTestExecutionListener, org.springframework.boot.test.autoconfigure.restdocs.RestDocsTestExecutionListener, org.springframework.boot.test.autoconfigure.web.client.MockRestServiceServerResetTestExecutionListener, org.springframework.boot.test.autoconfigure.web.servlet.MockMvcPrintOnlyOnFailureTestExecutionListener, org.springframework.boot.test.autoconfigure.web.servlet.WebDriverTestExecutionListener, org.springframework.boot.test.autoconfigure.webservices.client.MockWebServiceServerTestExecutionListener, org.springframework.boot.test.mock.mockito.MockitoTestExecutionListener, org.springframework.boot.test.mock.mockito.ResetMocksTestExecutionListener, org.springframework.test.context.web.ServletTestExecutionListener, org.springframework.test.context.support.DirtiesContextBeforeModesTestExecutionListener, org.springframework.test.context.event.ApplicationEventsTestExecutionListener, org.springframework.test.context.support.DependencyInjectionTestExecutionListener, org.springframework.test.context.support.DirtiesContextTestExecutionListener, org.springframework.test.context.transaction.TransactionalTestExecutionListener, org.springframework.test.context.jdbc.SqlScriptsTestExecutionListener, org.springframework.test.context.event.EventPublishingTestExecutionListener]
18:32:18.945 [Test worker] INFO org.springframework.boot.test.context.SpringBootTestContextBootstrapper - Using TestExecutionListeners: [org.springframework.test.context.web.ServletTestExecutionListener@7250a371, org.springframework.test.context.support.DirtiesContextBeforeModesTestExecutionListener@c422148, org.springframework.test.context.event.ApplicationEventsTestExecutionListener@6de0bf37, org.springframework.boot.test.mock.mockito.MockitoTestExecutionListener@616deb7a, org.springframework.boot.test.autoconfigure.SpringBootDependencyInjectionTestExecutionListener@16d1870d, org.springframework.test.context.support.DirtiesContextTestExecutionListener@b84bcfe, org.springframework.test.context.transaction.TransactionalTestExecutionListener@63f5b3be, org.springframework.test.context.jdbc.SqlScriptsTestExecutionListener@6dcda281, org.springframework.security.test.context.support.WithSecurityContextTestExecutionListener@773eb9da, org.springframework.test.context.event.EventPublishingTestExecutionListener@59f3888f, org.springframework.security.test.context.support.ReactorContextTestExecutionListener@17d5a84c, org.springframework.boot.test.autoconfigure.restdocs.RestDocsTestExecutionListener@178cd99d, org.springframework.boot.test.autoconfigure.web.client.MockRestServiceServerResetTestExecutionListener@157e52df, org.springframework.boot.test.autoconfigure.web.servlet.MockMvcPrintOnlyOnFailureTestExecutionListener@500c070f, org.springframework.boot.test.autoconfigure.web.servlet.WebDriverTestExecutionListener@6a21528a, org.springframework.boot.test.autoconfigure.webservices.client.MockWebServiceServerTestExecutionListener@1b903e62, org.springframework.boot.test.mock.mockito.ResetMocksTestExecutionListener@7c1f7f65]
18:32:18.957 [Test worker] DEBUG org.springframework.test.context.support.AbstractDirtiesContextTestExecutionListener - Before test class: context [DefaultTestContext@4149fad3 testClass = OleTwitterApplicationTests, testInstance = [null], testMethod = [null], testException = [null], mergedContextConfiguration = [WebMergedContextConfiguration@46d0bd3a testClass = OleTwitterApplicationTests, locations = '{}', classes = '{class com.tts.Twitter.OleTwitterApplication}', contextInitializerClasses = '[]', activeProfiles = '{}', propertySourceLocations = '{}', propertySourceProperties = '{org.springframework.boot.test.context.SpringBootTestContextBootstrapper=true}', contextCustomizers = set[org.springframework.boot.test.autoconfigure.actuate.metrics.MetricsExportContextCustomizerFactory$DisableMetricExportContextCustomizer@33a2a86d, org.springframework.boot.test.autoconfigure.properties.PropertyMappingContextCustomizer@0, org.springframework.boot.test.autoconfigure.web.servlet.WebDriverContextCustomizerFactory$Customizer@36428e86, org.springframework.boot.test.context.filter.ExcludeFilterContextCustomizer@e942084, org.springframework.boot.test.json.DuplicateJsonObjectContextCustomizerFactory$DuplicateJsonObjectContextCustomizer@8b7972a, org.springframework.boot.test.mock.mockito.MockitoContextCustomizer@0, org.springframework.boot.test.web.client.TestRestTemplateContextCustomizer@2f7ad29f, org.springframework.boot.test.context.SpringBootTestArgs@1, org.springframework.boot.test.context.SpringBootTestWebEnvironment@6e88a85d], resourceBasePath = 'src/main/webapp', contextLoader = 'org.springframework.boot.test.context.SpringBootContextLoader', parent = [null]], attributes = map['org.springframework.test.context.web.ServletTestExecutionListener.activateListener' -> true]], class annotated with @DirtiesContext [false] with mode [null].
18:32:19.057 [Test worker] DEBUG org.springframework.test.context.support.TestPropertySourceUtils - Adding inlined properties to environment: {spring.jmx.enabled=false, org.springframework.boot.test.context.SpringBootTestContextBootstrapper=true}

  .   ____          _            __ _ _
 /\\ / ___'_ __ _ _(_)_ __  __ _ \ \ \ \
( ( )\___ | '_ | '_| | '_ \/ _` | \ \ \ \
 \\/  ___)| |_)| | | | | || (_| |  ) ) ) )
  '  |____| .__|_| |_|_| |_\__, | / / / /
 =========|_|==============|___/=/_/_/_/
 :: Spring Boot ::                (v2.5.0)

2024-02-06 18:32:19.792  INFO 22347 --- [    Test worker] c.t.Twitter.OleTwitterApplicationTests   : Starting OleTwitterApplicationTests using Java 13.0.2 on Ayans-Air.lan with PID 22347 (started by ayanali in /Users/ayanali/Desktop/Github/Ole-Twitter)
2024-02-06 18:32:19.802  INFO 22347 --- [    Test worker] c.t.Twitter.OleTwitterApplicationTests   : No active profile set, falling back to default profiles: default
2024-02-06 18:32:21.020  WARN 22347 --- [kground-preinit] o.s.h.c.j.Jackson2ObjectMapperBuilder    : For Jackson Kotlin classes support please add "com.fasterxml.jackson.module:jackson-module-kotlin" to the classpath
2024-02-06 18:32:21.610  INFO 22347 --- [    Test worker] .s.d.r.c.RepositoryConfigurationDelegate : Bootstrapping Spring Data JPA repositories in DEFAULT mode.
2024-02-06 18:32:21.744  INFO 22347 --- [    Test worker] .s.d.r.c.RepositoryConfigurationDelegate : Finished Spring Data repository scanning in 116 ms. Found 5 JPA repository interfaces.
2024-02-06 18:32:22.735  INFO 22347 --- [    Test worker] com.zaxxer.hikari.HikariDataSource       : HikariPool-1 - Starting...
2024-02-06 18:32:23.216  INFO 22347 --- [    Test worker] com.zaxxer.hikari.HikariDataSource       : HikariPool-1 - Start completed.
2024-02-06 18:32:23.473  INFO 22347 --- [    Test worker] o.hibernate.jpa.internal.util.LogHelper  : HHH000204: Processing PersistenceUnitInfo [name: default]
2024-02-06 18:32:23.597  INFO 22347 --- [    Test worker] org.hibernate.Version                    : HHH000412: Hibernate ORM core version 5.4.31.Final
2024-02-06 18:32:23.966  INFO 22347 --- [    Test worker] o.hibernate.annotations.common.Version   : HCANN000001: Hibernate Commons Annotations {5.1.2.Final}
2024-02-06 18:32:24.275  INFO 22347 --- [    Test worker] org.hibernate.dialect.Dialect            : HHH000400: Using dialect: org.hibernate.dialect.H2Dialect
2024-02-06 18:32:26.154  INFO 22347 --- [    Test worker] o.h.e.t.j.p.i.JtaPlatformInitiator       : HHH000490: Using JtaPlatform implementation: [org.hibernate.engine.transaction.jta.platform.internal.NoJtaPlatform]
2024-02-06 18:32:26.174  INFO 22347 --- [    Test worker] j.LocalContainerEntityManagerFactoryBean : Initialized JPA EntityManagerFactory for persistence unit 'default'
2024-02-06 18:32:26.316  WARN 22347 --- [    Test worker] JpaBaseConfiguration$JpaWebConfiguration : spring.jpa.open-in-view is enabled by default. Therefore, database queries may be performed during view rendering. Explicitly configure spring.jpa.open-in-view to disable this warning
2024-02-06 18:32:27.511  INFO 22347 --- [    Test worker] o.s.s.web.DefaultSecurityFilterChain     : Will secure Ant [pattern='/resources/**'] with []
2024-02-06 18:32:27.526  INFO 22347 --- [    Test worker] o.s.s.web.DefaultSecurityFilterChain     : Will secure Ant [pattern='/static/**'] with []
2024-02-06 18:32:27.527  INFO 22347 --- [    Test worker] o.s.s.web.DefaultSecurityFilterChain     : Will secure Ant [pattern='/css/**'] with []
2024-02-06 18:32:27.527  INFO 22347 --- [    Test worker] o.s.s.web.DefaultSecurityFilterChain     : Will secure Ant [pattern='/js/**'] with []
2024-02-06 18:32:27.528  INFO 22347 --- [    Test worker] o.s.s.web.DefaultSecurityFilterChain     : Will secure Ant [pattern='/images/**'] with []
2024-02-06 18:32:27.693  INFO 22347 --- [    Test worker] o.s.s.web.DefaultSecurityFilterChain     : Will secure any request with [org.springframework.security.web.context.request.async.WebAsyncManagerIntegrationFilter@795ab62, org.springframework.security.web.context.SecurityContextPersistenceFilter@60177694, org.springframework.security.web.header.HeaderWriterFilter@5bf0c97c, org.springframework.security.web.authentication.logout.LogoutFilter@191a0dbb, org.springframework.security.web.authentication.UsernamePasswordAuthenticationFilter@537d0e6a, org.springframework.security.web.savedrequest.RequestCacheAwareFilter@79939cce, org.springframework.security.web.servletapi.SecurityContextHolderAwareRequestFilter@83ee7a3, org.springframework.security.web.authentication.AnonymousAuthenticationFilter@bd70337, org.springframework.security.web.session.SessionManagementFilter@2d11bf72, org.springframework.security.web.access.ExceptionTranslationFilter@1a354c24, org.springframework.security.web.access.intercept.FilterSecurityInterceptor@7cda4f3d]
2024-02-06 18:32:28.476  INFO 22347 --- [    Test worker] o.s.b.a.h2.H2ConsoleAutoConfiguration    : H2 console available at '/console'. Database available at 'jdbc:h2:file:~/twitter'
2024-02-06 18:32:29.276  INFO 22347 --- [    Test worker] c.t.Twitter.OleTwitterApplicationTests   : Started OleTwitterApplicationTests in 10.199 seconds (JVM running for 13.183)
2024-02-06 18:32:29.280  INFO 22347 --- [    Test worker] o.s.b.a.ApplicationAvailabilityBean      : Application availability state LivenessState changed to CORRECT
2024-02-06 18:32:29.286  INFO 22347 --- [    Test worker] o.s.b.a.ApplicationAvailabilityBean      : Application availability state ReadinessState changed to ACCEPTING_TRAFFIC
]]></system-out>
  <system-err><![CDATA[]]></system-err>
</testsuite>
